# JRE version: OpenJDK Runtime Environment (17.0.2+8) (build 17.0.2+8-86)
# Java VM: OpenJDK 64-Bit Server VM (17.0.2+8-86, mixed mode, sharing, tiered, compressed oops, compressed class ptrs, g1 gc, windows-amd64)
GC Precious Log:
 CPUs: 4 total, 4 available
 Memory: 10153M
 Large Page Support: Disabled
 NUMA Support: Disabled
 Compressed Oops: Enabled (32-bit)
 Heap Region Size: 1M
 Heap Min Capacity: 256M
 Heap Initial Capacity: 256M
 Heap Max Capacity: 512M
 Pre-touch: Disabled
 Parallel Workers: 4
 Concurrent Workers: 1
 Concurrent Refinement Workers: 4
 Periodic GC: Disabled
Heap:
 garbage-first heap   total 262144K, used 63399K [0x00000000e0000000, 0x0000000100000000)
  region size 1024K, 54 young (55296K), 3 survivors (3072K)
 Metaspace       used 14084K, committed 14336K, reserved 229376K
  class space    used 2023K, committed 2112K, reserved 212992K
GC Heap History (6 events):
Event: 1.604 GC heap before
{Heap before GC invocations=0 (full 0):
 garbage-first heap   total 262144K, used 15360K [0x00000000e0000000, 0x0000000100000000)
  region size 1024K, 13 young (13312K), 0 survivors (0K)
 Metaspace       used 969K, committed 1088K, reserved 221184K
  class space    used 75K, committed 128K, reserved 212992K
}
Event: 1.625 GC heap after
{Heap after GC invocations=1 (full 0):
 garbage-first heap   total 262144K, used 3755K [0x00000000e0000000, 0x0000000100000000)
  region size 1024K, 2 young (2048K), 2 survivors (2048K)
 Metaspace       used 969K, committed 1088K, reserved 221184K
  class space    used 75K, committed 128K, reserved 212992K
}
Event: 3.243 GC heap before
{Heap before GC invocations=1 (full 0):
 garbage-first heap   total 262144K, used 22187K [0x00000000e0000000, 0x0000000100000000)
  region size 1024K, 17 young (17408K), 2 survivors (2048K)
 Metaspace       used 3808K, committed 4032K, reserved 221184K
  class space    used 474K, committed 576K, reserved 212992K
}
Event: 3.248 GC heap after
{Heap after GC invocations=2 (full 0):
 garbage-first heap   total 262144K, used 9646K [0x00000000e0000000, 0x0000000100000000)
  region size 1024K, 3 young (3072K), 3 survivors (3072K)
 Metaspace       used 3808K, committed 4032K, reserved 221184K
  class space    used 474K, committed 576K, reserved 212992K
}
Event: 4.631 GC heap before
{Heap before GC invocations=2 (full 0):
 garbage-first heap   total 262144K, used 31150K [0x00000000e0000000, 0x0000000100000000)
  region size 1024K, 24 young (24576K), 3 survivors (3072K)
 Metaspace       used 3910K, committed 4096K, reserved 221184K
  class space    used 475K, committed 576K, reserved 212992K
}
Event: 4.634 GC heap after
{Heap after GC invocations=3 (full 0):
 garbage-first heap   total 262144K, used 12199K [0x00000000e0000000, 0x0000000100000000)
  region size 1024K, 3 young (3072K), 3 survivors (3072K)
 Metaspace       used 3910K, committed 4096K, reserved 221184K
  class space    used 475K, committed 576K, reserved 212992K
}

